#
# There is insufficient memory for the Java Runtime Environment to continue.
# Native memory allocation (malloc) failed to allocate 692176 bytes for Chunk::new
# Possible reasons:
#   The system is out of physical RAM or swap space
#   In 32 bit mode, the process size limit was hit
# Possible solutions:
#   Reduce memory load on the system
#   Increase physical memory or swap space
#   Check if swap backing store is full
#   Use 64 bit Java on a 64 bit OS
#   Decrease Java heap size (-Xmx/-Xms)
#   Decrease number of Java threads
#   Decrease Java thread stack sizes (-Xss)
#   Set larger code cache with -XX:ReservedCodeCacheSize=
# This output file may be truncated or incomplete.
#
#  Out of Memory Error (allocation.cpp:390), pid=12776, tid=0x000000000000012c
#
# JRE version: Java(TM) SE Runtime Environment (8.0_121-b13) (build 1.8.0_121-b13)
# Java VM: Java HotSpot(TM) 64-Bit Server VM (25.121-b13 mixed mode windows-amd64 compressed oops)
# Failed to write core dump. Minidumps are not enabled by default on client versions of Windows
#

---------------  T H R E A D  ---------------

Current thread (0x0000000014d6c800):  JavaThread "C2 CompilerThread1" daemon [_thread_in_native, id=300, stack(0x00000000167c0000,0x00000000168c0000)]

Stack: [0x00000000167c0000,0x00000000168c0000]
[error occurred during error reporting (printing stack bounds), id 0xc0000005]

Native frames: (J=compiled Java code, j=interpreted, Vv=VM code, C=native code)


Current CompileTask:
C2:   2084  658   !   4       sun.font.TrueTypeFont::getTableBuffer (199 bytes)


---------------  P R O C E S S  ---------------

Java Threads: ( => current thread )
  0x0000000002600800 JavaThread "DestroyJavaVM" [_thread_blocked, id=7596, stack(0x0000000002500000,0x0000000002600000)]
  0x0000000017d5c000 JavaThread "AWT-EventQueue-0" [_thread_in_native, id=11836, stack(0x0000000018700000,0x0000000018800000)]
  0x00000000164b6000 JavaThread "Image Fetcher 1" daemon [_thread_blocked, id=12860, stack(0x0000000018600000,0x0000000018700000)]
  0x0000000017d4d800 JavaThread "Image Fetcher 0" daemon [_thread_blocked, id=10828, stack(0x0000000018500000,0x0000000018600000)]
  0x000000001649a800 JavaThread "AWT-Windows" daemon [_thread_in_native, id=11884, stack(0x00000000171b0000,0x00000000172b0000)]
  0x0000000016497800 JavaThread "AWT-Shutdown" [_thread_blocked, id=12984, stack(0x00000000170b0000,0x00000000171b0000)]
  0x0000000016496000 JavaThread "Java2D Disposer" daemon [_thread_blocked, id=12924, stack(0x0000000016fb0000,0x00000000170b0000)]
  0x0000000016139000 JavaThread "Service Thread" daemon [_thread_blocked, id=12964, stack(0x00000000169c0000,0x0000000016ac0000)]
  0x0000000016126000 JavaThread "C1 CompilerThread2" daemon [_thread_blocked, id=13224, stack(0x00000000168c0000,0x00000000169c0000)]
=>0x0000000014d6c800 JavaThread "C2 CompilerThread1" daemon [_thread_in_native, id=300, stack(0x00000000167c0000,0x00000000168c0000)]
  0x0000000014d26000 JavaThread "C2 CompilerThread0" daemon [_thread_in_native, id=5612, stack(0x00000000166c0000,0x00000000167c0000)]
  0x0000000016103000 JavaThread "Attach Listener" daemon [_thread_blocked, id=13044, stack(0x00000000165c0000,0x00000000166c0000)]
  0x0000000016102800 JavaThread "Signal Dispatcher" daemon [_thread_blocked, id=3508, stack(0x00000000164c0000,0x00000000165c0000)]
  0x00000000026fa800 JavaThread "Finalizer" daemon [_thread_blocked, id=12852, stack(0x0000000015f60000,0x0000000016060000)]
  0x00000000026ef800 JavaThread "Reference Handler" daemon [_thread_blocked, id=9152, stack(0x0000000015e60000,0x0000000015f60000)]

Other Threads:
  0x0000000014cd7800 VMThread [stack: 0x0000000015d60000,0x0000000015e60000] [id=6404]
  0x000000001619d000 WatcherThread [stack: 0x0000000016ac0000,0x0000000016bc0000] [id=9424]

VM state:not at safepoint (normal execution)

VM Mutex/Monitor currently owned by a thread: None

Heap:
 PSYoungGen      total 18944K, used 6576K [0x00000000eb180000, 0x00000000ec680000, 0x0000000100000000)
  eden space 16384K, 24% used [0x00000000eb180000,0x00000000eb56eac8,0x00000000ec180000)
  from space 2560K, 99% used [0x00000000ec180000,0x00000000ec3fd820,0x00000000ec400000)
  to   space 2560K, 0% used [0x00000000ec400000,0x00000000ec400000,0x00000000ec680000)
 ParOldGen       total 44032K, used 1108K [0x00000000c1400000, 0x00000000c3f00000, 0x00000000eb180000)
  object space 44032K, 2% used [0x00000000c1400000,0x00000000c15150b0,0x00000000c3f00000)
 Metaspace       used 9938K, capacity 10140K, committed 10368K, reserved 1058816K
  class space    used 1254K, capacity 1350K, committed 1408K, reserved 1048576K

Card table byte_map: [0x0000000011ac0000,0x0000000011cc0000] byte_map_base: 0x00000000114b6000

Marking Bits: (ParMarkBitMap*) 0x00000000549bb6d0
 Begin Bits: [0x0000000012210000, 0x00000000131c0000)
 End Bits:   [0x00000000131c0000, 0x0000000014170000)

Polling page: 0x0000000000600000

CodeCache: size=245760Kb used=2842Kb max_used=2853Kb free=242917Kb
 bounds [0x0000000002700000, 0x00000000029d0000, 0x0000000011700000]
 total_blobs=1151 nmethods=686 adapters=379
 compilation: enabled

Compilation events (10 events):
Event: 2.063 Thread 0x0000000016126000  681       1       javax.swing.text.GapVector::getGapEnd (5 bytes)
Event: 2.063 Thread 0x0000000016126000 nmethod 681 0x00000000029c6490 code [0x00000000029c65e0, 0x00000000029c66f0]
Event: 2.063 Thread 0x0000000016126000  682       1       javax.swing.text.GapVector::getGapStart (5 bytes)
Event: 2.064 Thread 0x0000000016126000 nmethod 682 0x00000000029c61d0 code [0x00000000029c6320, 0x00000000029c6430]
Event: 2.064 Thread 0x0000000014d26000  684       4       java.util.Arrays::binarySearch0 (95 bytes)
Event: 2.068 Thread 0x0000000016126000  685       1       java.awt.AWTEvent::getID (5 bytes)
Event: 2.068 Thread 0x0000000016126000 nmethod 685 0x00000000029c5f10 code [0x00000000029c6060, 0x00000000029c6170]
Event: 2.069 Thread 0x0000000014d26000 nmethod 684 0x00000000029c5a10 code [0x00000000029c5b60, 0x00000000029c5d18]
Event: 2.075 Thread 0x0000000016126000  686       3       sun.util.locale.LocaleUtils::isUpper (18 bytes)
Event: 2.075 Thread 0x0000000016126000 nmethod 686 0x00000000029c5410 code [0x00000000029c5560, 0x00000000029c5730]

GC Heap History (2 events):
Event: 1.947 GC heap before
{Heap before GC invocations=1 (full 0):
 PSYoungGen      total 18944K, used 15747K [0x00000000eb180000, 0x00000000ec680000, 0x0000000100000000)
  eden space 16384K, 96% used [0x00000000eb180000,0x00000000ec0e0d28,0x00000000ec180000)
  from space 2560K, 0% used [0x00000000ec400000,0x00000000ec400000,0x00000000ec680000)
  to   space 2560K, 0% used [0x00000000ec180000,0x00000000ec180000,0x00000000ec400000)
 ParOldGen       total 44032K, used 0K [0x00000000c1400000, 0x00000000c3f00000, 0x00000000eb180000)
  object space 44032K, 0% used [0x00000000c1400000,0x00000000c1400000,0x00000000c3f00000)
 Metaspace       used 9467K, capacity 9656K, committed 9728K, reserved 1058816K
  class space    used 1176K, capacity 1254K, committed 1280K, reserved 1048576K
Event: 1.957 GC heap after
Heap after GC invocations=1 (full 0):
 PSYoungGen      total 18944K, used 2550K [0x00000000eb180000, 0x00000000ec680000, 0x0000000100000000)
  eden space 16384K, 0% used [0x00000000eb180000,0x00000000eb180000,0x00000000ec180000)
  from space 2560K, 99% used [0x00000000ec180000,0x00000000ec3fd820,0x00000000ec400000)
  to   space 2560K, 0% used [0x00000000ec400000,0x00000000ec400000,0x00000000ec680000)
 ParOldGen       total 44032K, used 1108K [0x00000000c1400000, 0x00000000c3f00000, 0x00000000eb180000)
  object space 44032K, 2% used [0x00000000c1400000,0x00000000c15150b0,0x00000000c3f00000)
 Metaspace       used 9467K, capacity 9656K, committed 9728K, reserved 1058816K
  class space    used 1176K, capacity 1254K, committed 1280K, reserved 1048576K
}

Deoptimization events (2 events):
Event: 1.729 Thread 0x0000000002600800 Uncommon trap: reason=unstable_if action=reinterpret pc=0x00000000029977d0 method=java.lang.Character.isSurrogate(C)Z @ 3
Event: 1.729 Thread 0x0000000002600800 Uncommon trap: reason=unstable_if action=reinterpret pc=0x00000000028fdf44 method=java.lang.String.toLowerCase(Ljava/util/Locale;)Ljava/lang/String; @ 37

Internal exceptions (10 events):
Event: 0.090 Thread 0x0000000002600800 Exception <a 'java/lang/NoSuchMethodError': Method sun.misc.Unsafe.defineClass(Ljava/lang/String;[BII)Ljava/lang/Class; name or signature does not match> (0x00000000eb187ca8) thrown at [C:\re\workspace\8-2-build-windows-amd64-cygwin\jdk8u121\8372\hotspot\
Event: 0.090 Thread 0x0000000002600800 Exception <a 'java/lang/NoSuchMethodError': Method sun.misc.Unsafe.prefetchRead(Ljava/lang/Object;J)V name or signature does not match> (0x00000000eb187f90) thrown at [C:\re\workspace\8-2-build-windows-amd64-cygwin\jdk8u121\8372\hotspot\src\share\vm\prims
Event: 0.428 Thread 0x0000000002600800 Exception <a 'java/security/PrivilegedActionException'> (0x00000000eb253a98) thrown at [C:\re\workspace\8-2-build-windows-amd64-cygwin\jdk8u121\8372\hotspot\src\share\vm\prims\jvm.cpp, line 1390]
Event: 0.428 Thread 0x0000000002600800 Exception <a 'java/security/PrivilegedActionException'> (0x00000000eb253ca8) thrown at [C:\re\workspace\8-2-build-windows-amd64-cygwin\jdk8u121\8372\hotspot\src\share\vm\prims\jvm.cpp, line 1390]
Event: 0.430 Thread 0x0000000002600800 Exception <a 'java/security/PrivilegedActionException'> (0x00000000eb257918) thrown at [C:\re\workspace\8-2-build-windows-amd64-cygwin\jdk8u121\8372\hotspot\src\share\vm\prims\jvm.cpp, line 1390]
Event: 0.430 Thread 0x0000000002600800 Exception <a 'java/security/PrivilegedActionException'> (0x00000000eb257b28) thrown at [C:\re\workspace\8-2-build-windows-amd64-cygwin\jdk8u121\8372\hotspot\src\share\vm\prims\jvm.cpp, line 1390]
Event: 0.470 Thread 0x0000000002600800 Exception <a 'java/io/FileNotFoundException'> (0x00000000eb2e0fc0) thrown at [C:\re\workspace\8-2-build-windows-amd64-cygwin\jdk8u121\8372\hotspot\src\share\vm\prims\jni.cpp, line 709]
Event: 0.612 Thread 0x0000000002600800 Exception <a 'java/lang/NoSuchFieldError': method resolution failed> (0x00000000eb3af310) thrown at [C:\re\workspace\8-2-build-windows-amd64-cygwin\jdk8u121\8372\hotspot\src\share\vm\prims\methodHandles.cpp, line 1146]
Event: 0.617 Thread 0x0000000002600800 Exception <a 'java/lang/NoSuchFieldError': method resolution failed> (0x00000000eb3bc6e0) thrown at [C:\re\workspace\8-2-build-windows-amd64-cygwin\jdk8u121\8372\hotspot\src\share\vm\prims\methodHandles.cpp, line 1146]
Event: 0.730 Thread 0x0000000002600800 Exception <a 'java/io/FileNotFoundException'> (0x00000000eb450c18) thrown at [C:\re\workspace\8-2-build-windows-amd64-cygwin\jdk8u121\8372\hotspot\src\share\vm\prims\jni.cpp, line 709]

Events (10 events):
Event: 2.074 loading class sun/util/locale/LanguageTag
Event: 2.074 loading class sun/util/locale/LanguageTag done
Event: 2.075 loading class sun/util/locale/ParseStatus
Event: 2.075 loading class sun/util/locale/ParseStatus done
Event: 2.075 loading class sun/util/locale/StringTokenIterator
Event: 2.076 loading class sun/util/locale/StringTokenIterator done
Event: 2.076 loading class sun/util/locale/InternalLocaleBuilder
Event: 2.076 loading class sun/util/locale/InternalLocaleBuilder done
Event: 2.076 loading class sun/util/locale/InternalLocaleBuilder$CaseInsensitiveChar
Event: 2.077 loading class sun/util/locale/InternalLocaleBuilder$CaseInsensitiveChar done


Dynamic libraries:
0x00007ff74a4e0000 - 0x00007ff74a517000 	C:\Program Files\Java\jre1.8.0_121\bin\javaw.exe
0x00007ffa1fe00000 - 0x00007ffa1ffd1000 	C:\WINDOWS\SYSTEM32\ntdll.dll
0x00007ffa1f1b0000 - 0x00007ffa1f25b000 	C:\WINDOWS\System32\KERNEL32.DLL
0x00007ffa1d170000 - 0x00007ffa1d38d000 	C:\WINDOWS\System32\KERNELBASE.dll
0x00007ffa1fa80000 - 0x00007ffa1fb22000 	C:\WINDOWS\System32\ADVAPI32.dll
0x00007ffa1f610000 - 0x00007ffa1f6ae000 	C:\WINDOWS\System32\msvcrt.dll
0x00007ffa1f790000 - 0x00007ffa1f7e9000 	C:\WINDOWS\System32\sechost.dll
0x00007ffa1f2d0000 - 0x00007ffa1f3f1000 	C:\WINDOWS\System32\RPCRT4.dll
0x00007ffa1eea0000 - 0x00007ffa1f005000 	C:\WINDOWS\System32\USER32.dll
0x00007ffa1ce10000 - 0x00007ffa1ce2e000 	C:\WINDOWS\System32\win32u.dll
0x00007ffa1f5d0000 - 0x00007ffa1f604000 	C:\WINDOWS\System32\GDI32.dll
0x00007ffa1c2f0000 - 0x00007ffa1c472000 	C:\WINDOWS\System32\gdi32full.dll
0x00007ffa0def0000 - 0x00007ffa0e169000 	C:\WINDOWS\WinSxS\amd64_microsoft.windows.common-controls_6595b64144ccf1df_6.0.14393.447_none_42191651c6827bb3\COMCTL32.dll
0x00007ffa1fb30000 - 0x00007ffa1fdf8000 	C:\WINDOWS\System32\combase.dll
0x00007ffa1cbc0000 - 0x00007ffa1ccb5000 	C:\WINDOWS\System32\ucrtbase.dll
0x00007ffa1ce80000 - 0x00007ffa1ceea000 	C:\WINDOWS\System32\bcryptPrimitives.dll
0x00007ffa1ee70000 - 0x00007ffa1ee9e000 	C:\WINDOWS\System32\IMM32.DLL
0x0000000053ff0000 - 0x00000000540c2000 	C:\Program Files\Java\jre1.8.0_121\bin\msvcr100.dll
0x00000000541a0000 - 0x0000000054a3b000 	C:\Program Files\Java\jre1.8.0_121\bin\server\jvm.dll
0x00007ffa1f800000 - 0x00007ffa1f808000 	C:\WINDOWS\System32\PSAPI.DLL
0x00007ffa0dec0000 - 0x00007ffa0dec9000 	C:\WINDOWS\SYSTEM32\WSOCK32.dll
0x00007ffa1f260000 - 0x00007ffa1f2ca000 	C:\WINDOWS\System32\WS2_32.dll
0x00007ffa1a6a0000 - 0x00007ffa1a6c3000 	C:\WINDOWS\SYSTEM32\WINMM.dll
0x00007ffa0b640000 - 0x00007ffa0b64a000 	C:\WINDOWS\SYSTEM32\VERSION.dll
0x00007ffa1a530000 - 0x00007ffa1a55b000 	C:\WINDOWS\SYSTEM32\WINMMBASE.dll
0x00007ffa1ce30000 - 0x00007ffa1ce72000 	C:\WINDOWS\System32\cfgmgr32.dll
0x0000000054190000 - 0x000000005419f000 	C:\Program Files\Java\jre1.8.0_121\bin\verify.dll
0x0000000054160000 - 0x0000000054189000 	C:\Program Files\Java\jre1.8.0_121\bin\java.dll
0x0000000054140000 - 0x0000000054156000 	C:\Program Files\Java\jre1.8.0_121\bin\zip.dll
0x00007ffa1d960000 - 0x00007ffa1ee69000 	C:\WINDOWS\System32\SHELL32.dll
0x00007ffa1c4e0000 - 0x00007ffa1cbba000 	C:\WINDOWS\System32\windows.storage.dll
0x00007ffa1c2a0000 - 0x00007ffa1c2ec000 	C:\WINDOWS\System32\powrprof.dll
0x00007ffa1fa20000 - 0x00007ffa1fa72000 	C:\WINDOWS\System32\shlwapi.dll
0x00007ffa1c280000 - 0x00007ffa1c28f000 	C:\WINDOWS\System32\kernel.appcore.dll
0x00007ffa1cd60000 - 0x00007ffa1ce09000 	C:\WINDOWS\System32\shcore.dll
0x00007ffa1c260000 - 0x00007ffa1c274000 	C:\WINDOWS\System32\profapi.dll
0x0000000053e50000 - 0x0000000053fe8000 	C:\Program Files\Java\jre1.8.0_121\bin\awt.dll
0x00007ffa1f6b0000 - 0x00007ffa1f76f000 	C:\WINDOWS\System32\OLEAUT32.dll
0x00007ffa1ccc0000 - 0x00007ffa1cd5c000 	C:\WINDOWS\System32\msvcp_win.dll
0x00007ffa1a7c0000 - 0x00007ffa1a83a000 	C:\WINDOWS\SYSTEM32\apphelp.dll
0x00007ffa1a040000 - 0x00007ffa1a066000 	C:\WINDOWS\system32\DWMAPI.DLL
0x00007ffa1a960000 - 0x00007ffa1a9f5000 	C:\WINDOWS\system32\uxtheme.dll
0x00007ff9ea170000 - 0x00007ff9ea293000 	C:\WINDOWS\system32\opengl32.dll
0x00007ff9ea070000 - 0x00007ff9ea167000 	C:\WINDOWS\SYSTEM32\DDRAW.dll
0x00007ff9f4ae0000 - 0x00007ff9f4b0d000 	C:\WINDOWS\SYSTEM32\GLU32.dll
0x00007ffa13130000 - 0x00007ffa13138000 	C:\WINDOWS\SYSTEM32\DCIMAN32.dll
0x00007ffa1f400000 - 0x00007ffa1f55b000 	C:\WINDOWS\System32\MSCTF.dll
0x00007ffa1f070000 - 0x00007ffa1f1a7000 	C:\WINDOWS\System32\ole32.dll
0x0000000053e10000 - 0x0000000053e41000 	C:\Program Files\Java\jre1.8.0_121\bin\jpeg.dll
0x0000000053dc0000 - 0x0000000053e07000 	C:\Program Files\Java\jre1.8.0_121\bin\fontmanager.dll
0x0000000054120000 - 0x000000005413a000 	C:\Program Files\Java\jre1.8.0_121\bin\net.dll
0x00007ffa1bb00000 - 0x00007ffa1bb5c000 	C:\WINDOWS\system32\mswsock.dll
0x0000000054100000 - 0x0000000054111000 	C:\Program Files\Java\jre1.8.0_121\bin\nio.dll
0x00007ffa1f870000 - 0x00007ffa1f90f000 	C:\WINDOWS\System32\clbcatq.dll
0x00007ffa19ad0000 - 0x00007ffa19c78000 	C:\WINDOWS\SYSTEM32\WindowsCodecs.dll
0x00007ffa07660000 - 0x00007ffa076a9000 	C:\WINDOWS\system32\dataexchange.dll
0x00007ffa1a190000 - 0x00007ffa1a2e1000 	C:\WINDOWS\system32\dcomp.dll
0x00007ffa194f0000 - 0x00007ffa197a6000 	C:\WINDOWS\system32\d3d11.dll
0x00007ffa1b1c0000 - 0x00007ffa1b25f000 	C:\WINDOWS\system32\dxgi.dll
0x00007ffa1ad20000 - 0x00007ffa1ae3c000 	C:\WINDOWS\system32\twinapi.appcore.dll
0x00007ffa1c1a0000 - 0x00007ffa1c1cb000 	C:\WINDOWS\system32\bcrypt.dll
0x0000000053d70000 - 0x0000000053db2000 	C:\Program Files\Java\jre1.8.0_121\bin\t2k.dll

VM Arguments:
jvm_args: -Dfile.encoding=GBK 
java_command: Login
java_class_path (initial): C:\Users\123\workspace\SMS\bin;C:\Users\123\Documents\文件\课程\二.1\java\JDBC驱动程序\sqljdbc_6.0.7728.100_chs\sqljdbc_6.0\chs\sqljdbc4.jar;C:\Users\123\workspace\Exercise\jar包\commons-codec-1.4.jar;C:\Users\123\workspace\Exercise\jar包\commons-httpclient-3.1.jar;C:\Users\123\workspace\Exercise\jar包\commons-logging-1.1.1.jar
Launcher Type: SUN_STANDARD

Environment Variables:
JAVA_HOME=C:\Program Files\Java\jdk1.8.0_102
CLASSPATH= .;C:\Program Files\Java\jdk1.8.0_102\lib\dt.jar;C:\Program Files\Java\jdk1.8.0_102\lib\tools.jar
PATH=C:/Program Files/Java/jre1.8.0_121/bin/server;C:/Program Files/Java/jre1.8.0_121/bin;C:/Program Files/Java/jre1.8.0_121/lib/amd64;C:\ProgramData\Oracle\Java\javapath;C:\WINDOWS\system32;C:\WINDOWS;C:\WINDOWS\System32\Wbem;C:\WINDOWS\System32\WindowsPowerShell\v1.0\;C:\Program Files (x86)\Windows Kits\8.1\Windows Performance Toolkit\;C:\Program Files\Java\jdk1.8.0_102\bin;C:\Program Files\Microsoft SQL Server\Client SDK\ODBC\130\Tools\Binn\;C:\Program Files (x86)\Microsoft SQL Server\130\Tools\Binn\;C:\Program Files\Microsoft SQL Server\130\Tools\Binn\;C:\Program Files\Microsoft SQL Server\130\DTS\Binn\;C:\Program Files (x86)\Microsoft SQL Server\Client SDK\ODBC\130\Tools\Binn\;C:\Program Files (x86)\Microsoft SQL Server\130\DTS\Binn\;C:\Program Files (x86)\Microsoft SQL Server\130\Tools\Binn\ManagementStudio\;C:\Program Files (x86)\GtkSharp\2.12\bin;C:\Users\123\AppData\Local\Microsoft\WindowsApps;C:\Users\123\Desktop;
USERNAME=123
OS=Windows_NT
PROCESSOR_IDENTIFIER=Intel64 Family 6 Model 76 Stepping 3, GenuineIntel



---------------  S Y S T E M  ---------------

OS: Windows 10.0 , 64 bit Build 14393 (10.0.14393.0)

CPU:total 4 (4 cores per cpu, 1 threads per core) family 6 model 76 stepping 3, cmov, cx8, fxsr, mmx, sse, sse2, sse3, ssse3, sse4.1, sse4.2, popcnt, aes, clmul, erms, 3dnowpref, tsc, tscinvbit

Memory: 4k page, physical 4108528k(1060724k free), swap 7586924k(6168k free)

vm_info: Java HotSpot(TM) 64-Bit Server VM (25.121-b13) for windows-amd64 JRE (1.8.0_121-b13), built on Dec 12 2016 18:21:36 by "java_re" with MS VC++ 10.0 (VS2010)

time: Sat Apr 15 21:46:29 2017
elapsed time: 2 seconds (0d 0h 0m 2s)

