#
# There is insufficient memory for the Java Runtime Environment to continue.
# Native memory allocation (malloc) failed to allocate 103616 bytes for Chunk::new
# Possible reasons:
#   The system is out of physical RAM or swap space
#   In 32 bit mode, the process size limit was hit
# Possible solutions:
#   Reduce memory load on the system
#   Increase physical memory or swap space
#   Check if swap backing store is full
#   Use 64 bit Java on a 64 bit OS
#   Decrease Java heap size (-Xmx/-Xms)
#   Decrease number of Java threads
#   Decrease Java thread stack sizes (-Xss)
#   Set larger code cache with -XX:ReservedCodeCacheSize=
# This output file may be truncated or incomplete.
#
#  Out of Memory Error (allocation.cpp:390), pid=14024, tid=0x0000000000002238
#
# JRE version: Java(TM) SE Runtime Environment (8.0_121-b13) (build 1.8.0_121-b13)
# Java VM: Java HotSpot(TM) 64-Bit Server VM (25.121-b13 mixed mode windows-amd64 compressed oops)
# Failed to write core dump. Minidumps are not enabled by default on client versions of Windows
#

---------------  T H R E A D  ---------------

Current thread (0x0000000015268000):  JavaThread "C2 CompilerThread1" daemon [_thread_in_native, id=8760, stack(0x0000000016c70000,0x0000000016d70000)]

Stack: [0x0000000016c70000,0x0000000016d70000]
[error occurred during error reporting (printing stack bounds), id 0xc0000005]

Native frames: (J=compiled Java code, j=interpreted, Vv=VM code, C=native code)


Current CompileTask:
C2:   1224  399 %     4       sun.security.provider.SHA::implCompress @ 12 (491 bytes)


---------------  P R O C E S S  ---------------

Java Threads: ( => current thread )
  0x0000000016910800 JavaThread "AWT-Windows" daemon [_thread_in_native, id=12184, stack(0x0000000017560000,0x0000000017660000)]
  0x000000001690b800 JavaThread "AWT-Shutdown" [_thread_blocked, id=14280, stack(0x0000000017460000,0x0000000017560000)]
  0x000000001690a000 JavaThread "Java2D Disposer" daemon [_thread_blocked, id=2636, stack(0x0000000017360000,0x0000000017460000)]
  0x0000000016600800 JavaThread "Service Thread" daemon [_thread_blocked, id=5308, stack(0x0000000016e70000,0x0000000016f70000)]
  0x000000001526d800 JavaThread "C1 CompilerThread2" daemon [_thread_blocked, id=14768, stack(0x0000000016d70000,0x0000000016e70000)]
=>0x0000000015268000 JavaThread "C2 CompilerThread1" daemon [_thread_in_native, id=8760, stack(0x0000000016c70000,0x0000000016d70000)]
  0x0000000015226000 JavaThread "C2 CompilerThread0" daemon [_thread_blocked, id=13020, stack(0x0000000016b70000,0x0000000016c70000)]
  0x00000000165b3000 JavaThread "Attach Listener" daemon [_thread_blocked, id=5316, stack(0x0000000016a70000,0x0000000016b70000)]
  0x00000000165b2800 JavaThread "Signal Dispatcher" daemon [_thread_blocked, id=704, stack(0x0000000016970000,0x0000000016a70000)]
  0x0000000002bfa000 JavaThread "Finalizer" daemon [_thread_blocked, id=10792, stack(0x0000000016470000,0x0000000016570000)]
  0x0000000002bef000 JavaThread "Reference Handler" daemon [_thread_blocked, id=6396, stack(0x0000000016370000,0x0000000016470000)]
  0x0000000002b00800 JavaThread "main" [_thread_in_vm, id=14384, stack(0x0000000002a00000,0x0000000002b00000)]

Other Threads:
  0x00000000151d7800 VMThread [stack: 0x0000000016270000,0x0000000016370000] [id=6376]
  0x000000001661b000 WatcherThread [stack: 0x0000000016f70000,0x0000000017070000] [id=14396]

VM state:not at safepoint (normal execution)

VM Mutex/Monitor currently owned by a thread: None

Heap:
 PSYoungGen      total 18944K, used 5639K [0x00000000eb180000, 0x00000000ec680000, 0x0000000100000000)
  eden space 16384K, 34% used [0x00000000eb180000,0x00000000eb701cb0,0x00000000ec180000)
  from space 2560K, 0% used [0x00000000ec400000,0x00000000ec400000,0x00000000ec680000)
  to   space 2560K, 0% used [0x00000000ec180000,0x00000000ec180000,0x00000000ec400000)
 ParOldGen       total 44032K, used 0K [0x00000000c1400000, 0x00000000c3f00000, 0x00000000eb180000)
  object space 44032K, 0% used [0x00000000c1400000,0x00000000c1400000,0x00000000c3f00000)
 Metaspace       used 8439K, capacity 8608K, committed 8832K, reserved 1060864K
  class space    used 1001K, capacity 1082K, committed 1152K, reserved 1048576K

Card table byte_map: [0x0000000011fc0000,0x00000000121c0000] byte_map_base: 0x00000000119b6000

Marking Bits: (ParMarkBitMap*) 0x000000005c63b6d0
 Begin Bits: [0x0000000012710000, 0x00000000136c0000)
 End Bits:   [0x00000000136c0000, 0x0000000014670000)

Polling page: 0x0000000000970000

CodeCache: size=245760Kb used=1969Kb max_used=1969Kb free=243790Kb
 bounds [0x0000000002c00000, 0x0000000002e70000, 0x0000000011c00000]
 total_blobs=781 nmethods=410 adapters=285
 compilation: enabled

Compilation events (10 events):
Event: 1.205 Thread 0x000000001526d800 nmethod 397 0x0000000002dddfd0 code [0x0000000002dde160, 0x0000000002dde668]
Event: 1.208 Thread 0x000000001526d800  398       3       sun.security.provider.SHA::implCompress (491 bytes)
Event: 1.209 Thread 0x000000001526d800 nmethod 398 0x0000000002de8110 code [0x0000000002de8300, 0x0000000002de8be8]
Event: 1.210 Thread 0x0000000015268000  399 %     4       sun.security.provider.SHA::implCompress @ 12 (491 bytes)
Event: 1.213 Thread 0x000000001526d800  400       3       java.util.HashMap$EntryIterator::next (5 bytes)
Event: 1.213 Thread 0x000000001526d800 nmethod 400 0x0000000002de9450 code [0x0000000002de95c0, 0x0000000002de98a8]
Event: 1.213 Thread 0x000000001526d800  402       3       java.util.ArrayList::get (11 bytes)
Event: 1.214 Thread 0x000000001526d800 nmethod 402 0x0000000002de9950 code [0x0000000002de9ae0, 0x0000000002de9e18]
Event: 1.214 Thread 0x000000001526d800  401       3       java.util.HashMap$EntryIterator::next (5 bytes)
Event: 1.214 Thread 0x000000001526d800 nmethod 401 0x0000000002dea050 code [0x0000000002dea1c0, 0x0000000002dea3c8]

GC Heap History (0 events):
No events

Deoptimization events (0 events):
No events

Internal exceptions (10 events):
Event: 0.105 Thread 0x0000000002b00800 Exception <a 'java/lang/NoSuchMethodError': Method sun.misc.Unsafe.defineClass(Ljava/lang/String;[BII)Ljava/lang/Class; name or signature does not match> (0x00000000eb187ca8) thrown at [C:\re\workspace\8-2-build-windows-amd64-cygwin\jdk8u121\8372\hotspot\
Event: 0.106 Thread 0x0000000002b00800 Exception <a 'java/lang/NoSuchMethodError': Method sun.misc.Unsafe.prefetchRead(Ljava/lang/Object;J)V name or signature does not match> (0x00000000eb187f90) thrown at [C:\re\workspace\8-2-build-windows-amd64-cygwin\jdk8u121\8372\hotspot\src\share\vm\prims
Event: 0.499 Thread 0x0000000002b00800 Exception <a 'java/security/PrivilegedActionException'> (0x00000000eb2a7f98) thrown at [C:\re\workspace\8-2-build-windows-amd64-cygwin\jdk8u121\8372\hotspot\src\share\vm\prims\jvm.cpp, line 1390]
Event: 0.499 Thread 0x0000000002b00800 Exception <a 'java/security/PrivilegedActionException'> (0x00000000eb2a81a8) thrown at [C:\re\workspace\8-2-build-windows-amd64-cygwin\jdk8u121\8372\hotspot\src\share\vm\prims\jvm.cpp, line 1390]
Event: 0.502 Thread 0x0000000002b00800 Exception <a 'java/security/PrivilegedActionException'> (0x00000000eb2abe18) thrown at [C:\re\workspace\8-2-build-windows-amd64-cygwin\jdk8u121\8372\hotspot\src\share\vm\prims\jvm.cpp, line 1390]
Event: 0.503 Thread 0x0000000002b00800 Exception <a 'java/security/PrivilegedActionException'> (0x00000000eb2ac028) thrown at [C:\re\workspace\8-2-build-windows-amd64-cygwin\jdk8u121\8372\hotspot\src\share\vm\prims\jvm.cpp, line 1390]
Event: 0.548 Thread 0x0000000002b00800 Exception <a 'java/io/FileNotFoundException'> (0x00000000eb2daae8) thrown at [C:\re\workspace\8-2-build-windows-amd64-cygwin\jdk8u121\8372\hotspot\src\share\vm\prims\jni.cpp, line 709]
Event: 0.684 Thread 0x0000000002b00800 Exception <a 'java/lang/NoSuchFieldError': method resolution failed> (0x00000000eb3a8930) thrown at [C:\re\workspace\8-2-build-windows-amd64-cygwin\jdk8u121\8372\hotspot\src\share\vm\prims\methodHandles.cpp, line 1146]
Event: 0.689 Thread 0x0000000002b00800 Exception <a 'java/lang/NoSuchFieldError': method resolution failed> (0x00000000eb3b5d00) thrown at [C:\re\workspace\8-2-build-windows-amd64-cygwin\jdk8u121\8372\hotspot\src\share\vm\prims\methodHandles.cpp, line 1146]
Event: 0.812 Thread 0x0000000002b00800 Exception <a 'java/io/FileNotFoundException'> (0x00000000eb44a2a8) thrown at [C:\re\workspace\8-2-build-windows-amd64-cygwin\jdk8u121\8372\hotspot\src\share\vm\prims\jni.cpp, line 709]

Events (10 events):
Event: 1.211 loading class sun/nio/cs/ISO_8859_1$Encoder
Event: 1.211 loading class sun/nio/cs/ISO_8859_1$Encoder done
Event: 1.212 loading class sun/nio/cs/Surrogate$Parser
Event: 1.212 loading class sun/nio/cs/Surrogate$Parser done
Event: 1.212 loading class sun/nio/cs/Surrogate
Event: 1.212 loading class sun/nio/cs/Surrogate done
Event: 1.213 loading class java/util/jar/JarVerifier$VerifierStream
Event: 1.213 loading class java/util/jar/JarVerifier$VerifierStream done
Event: 1.214 loading class sun/security/util/ManifestEntryVerifier$SunProviderHolder
Event: 1.214 loading class sun/security/util/ManifestEntryVerifier$SunProviderHolder done


Dynamic libraries:
0x00007ff7a8050000 - 0x00007ff7a8087000 	C:\Program Files\Java\jre1.8.0_121\bin\javaw.exe
0x00007ffc716a0000 - 0x00007ffc71871000 	C:\WINDOWS\SYSTEM32\ntdll.dll
0x00007ffc6f420000 - 0x00007ffc6f4cb000 	C:\WINDOWS\System32\KERNEL32.DLL
0x00007ffc6e490000 - 0x00007ffc6e6ad000 	C:\WINDOWS\System32\KERNELBASE.dll
0x00007ffc6ef50000 - 0x00007ffc6eff2000 	C:\WINDOWS\System32\ADVAPI32.dll
0x00007ffc6f140000 - 0x00007ffc6f1de000 	C:\WINDOWS\System32\msvcrt.dll
0x00007ffc6fbe0000 - 0x00007ffc6fc39000 	C:\WINDOWS\System32\sechost.dll
0x00007ffc6ed90000 - 0x00007ffc6eeb1000 	C:\WINDOWS\System32\RPCRT4.dll
0x00007ffc6fce0000 - 0x00007ffc6fe45000 	C:\WINDOWS\System32\USER32.dll
0x00007ffc6e400000 - 0x00007ffc6e41e000 	C:\WINDOWS\System32\win32u.dll
0x00007ffc6fb80000 - 0x00007ffc6fbb4000 	C:\WINDOWS\System32\GDI32.dll
0x00007ffc6e270000 - 0x00007ffc6e3f2000 	C:\WINDOWS\System32\gdi32full.dll
0x00007ffc61cb0000 - 0x00007ffc61f29000 	C:\WINDOWS\WinSxS\amd64_microsoft.windows.common-controls_6595b64144ccf1df_6.0.14393.447_none_42191651c6827bb3\COMCTL32.dll
0x00007ffc713d0000 - 0x00007ffc71698000 	C:\WINDOWS\System32\combase.dll
0x00007ffc6e930000 - 0x00007ffc6ea25000 	C:\WINDOWS\System32\ucrtbase.dll
0x00007ffc6e420000 - 0x00007ffc6e48a000 	C:\WINDOWS\System32\bcryptPrimitives.dll
0x00007ffc6fc40000 - 0x00007ffc6fc6e000 	C:\WINDOWS\System32\IMM32.DLL
0x000000005bc70000 - 0x000000005bd42000 	C:\Program Files\Java\jre1.8.0_121\bin\msvcr100.dll
0x000000005be20000 - 0x000000005c6bb000 	C:\Program Files\Java\jre1.8.0_121\bin\server\jvm.dll
0x00007ffc6fbd0000 - 0x00007ffc6fbd8000 	C:\WINDOWS\System32\PSAPI.DLL
0x00007ffc6ba00000 - 0x00007ffc6ba23000 	C:\WINDOWS\SYSTEM32\WINMM.dll
0x00007ffc5c230000 - 0x00007ffc5c23a000 	C:\WINDOWS\SYSTEM32\VERSION.dll
0x00007ffc5e200000 - 0x00007ffc5e209000 	C:\WINDOWS\SYSTEM32\WSOCK32.dll
0x00007ffc6b9a0000 - 0x00007ffc6b9cb000 	C:\WINDOWS\SYSTEM32\WINMMBASE.dll
0x00007ffc6ead0000 - 0x00007ffc6eb12000 	C:\WINDOWS\System32\cfgmgr32.dll
0x00007ffc6fc70000 - 0x00007ffc6fcda000 	C:\WINDOWS\System32\WS2_32.dll
0x000000005be10000 - 0x000000005be1f000 	C:\Program Files\Java\jre1.8.0_121\bin\verify.dll
0x000000005bde0000 - 0x000000005be09000 	C:\Program Files\Java\jre1.8.0_121\bin\java.dll
0x000000005bdc0000 - 0x000000005bdd6000 	C:\Program Files\Java\jre1.8.0_121\bin\zip.dll
0x00007ffc6fe50000 - 0x00007ffc71359000 	C:\WINDOWS\System32\SHELL32.dll
0x00007ffc6db90000 - 0x00007ffc6e26a000 	C:\WINDOWS\System32\windows.storage.dll
0x00007ffc6db10000 - 0x00007ffc6db5c000 	C:\WINDOWS\System32\powrprof.dll
0x00007ffc6fa60000 - 0x00007ffc6fab2000 	C:\WINDOWS\System32\shlwapi.dll
0x00007ffc6db00000 - 0x00007ffc6db0f000 	C:\WINDOWS\System32\kernel.appcore.dll
0x00007ffc6e880000 - 0x00007ffc6e929000 	C:\WINDOWS\System32\shcore.dll
0x00007ffc6db60000 - 0x00007ffc6db74000 	C:\WINDOWS\System32\profapi.dll
0x000000005bad0000 - 0x000000005bc68000 	C:\Program Files\Java\jre1.8.0_121\bin\awt.dll
0x00007ffc6fac0000 - 0x00007ffc6fb7f000 	C:\WINDOWS\System32\OLEAUT32.dll
0x00007ffc6ea30000 - 0x00007ffc6eacc000 	C:\WINDOWS\System32\msvcp_win.dll
0x00007ffc6c060000 - 0x00007ffc6c0da000 	C:\WINDOWS\SYSTEM32\apphelp.dll
0x00007ffc6b920000 - 0x00007ffc6b946000 	C:\WINDOWS\system32\DWMAPI.DLL
0x00007ffc6c240000 - 0x00007ffc6c2d5000 	C:\WINDOWS\system32\uxtheme.dll
0x00007ffc3cca0000 - 0x00007ffc3cdc3000 	C:\WINDOWS\system32\opengl32.dll
0x00007ffc46b40000 - 0x00007ffc46b6d000 	C:\WINDOWS\SYSTEM32\GLU32.dll
0x00007ffc3bea0000 - 0x00007ffc3bf97000 	C:\WINDOWS\SYSTEM32\DDRAW.dll
0x00007ffc66b20000 - 0x00007ffc66b28000 	C:\WINDOWS\SYSTEM32\DCIMAN32.dll
0x00007ffc6ec30000 - 0x00007ffc6ed8b000 	C:\WINDOWS\System32\MSCTF.dll
0x00007ffc6f000000 - 0x00007ffc6f137000 	C:\WINDOWS\System32\ole32.dll

VM Arguments:
jvm_args: -Dfile.encoding=GBK 
java_command: sms
java_class_path (initial): C:\Users\123\workspace\SMS\bin;C:\Users\123\Documents\文件\课程\二.1\java\JDBC驱动程序\sqljdbc_6.0.7728.100_chs\sqljdbc_6.0\chs\sqljdbc4.jar
Launcher Type: SUN_STANDARD

Environment Variables:
JAVA_HOME=C:\Program Files\Java\jdk1.8.0_102
CLASSPATH= .;C:\Program Files\Java\jdk1.8.0_102\lib\dt.jar;C:\Program Files\Java\jdk1.8.0_102\lib\tools.jar
PATH=C:/Program Files/Java/jre1.8.0_121/bin/server;C:/Program Files/Java/jre1.8.0_121/bin;C:/Program Files/Java/jre1.8.0_121/lib/amd64;C:\ProgramData\Oracle\Java\javapath;C:\WINDOWS\system32;C:\WINDOWS;C:\WINDOWS\System32\Wbem;C:\WINDOWS\System32\WindowsPowerShell\v1.0\;C:\Program Files (x86)\Windows Kits\8.1\Windows Performance Toolkit\;C:\Program Files\Java\jdk1.8.0_102\bin;C:\Program Files\Microsoft SQL Server\Client SDK\ODBC\130\Tools\Binn\;C:\Program Files (x86)\Microsoft SQL Server\130\Tools\Binn\;C:\Program Files\Microsoft SQL Server\130\Tools\Binn\;C:\Program Files\Microsoft SQL Server\130\DTS\Binn\;C:\Program Files (x86)\Microsoft SQL Server\Client SDK\ODBC\130\Tools\Binn\;C:\Program Files (x86)\Microsoft SQL Server\130\DTS\Binn\;C:\Program Files (x86)\Microsoft SQL Server\130\Tools\Binn\ManagementStudio\;C:\Program Files (x86)\GtkSharp\2.12\bin;C:\Users\123\AppData\Local\Microsoft\WindowsApps;C:\Users\123\Desktop;
USERNAME=123
OS=Windows_NT
PROCESSOR_IDENTIFIER=Intel64 Family 6 Model 76 Stepping 3, GenuineIntel



---------------  S Y S T E M  ---------------

OS: Windows 10.0 , 64 bit Build 14393 (10.0.14393.0)

CPU:total 4 (4 cores per cpu, 1 threads per core) family 6 model 76 stepping 3, cmov, cx8, fxsr, mmx, sse, sse2, sse3, ssse3, sse4.1, sse4.2, popcnt, aes, clmul, erms, 3dnowpref, tsc, tscinvbit

Memory: 4k page, physical 4108528k(853368k free), swap 8071516k(5188k free)

vm_info: Java HotSpot(TM) 64-Bit Server VM (25.121-b13) for windows-amd64 JRE (1.8.0_121-b13), built on Dec 12 2016 18:21:36 by "java_re" with MS VC++ 10.0 (VS2010)

time: Tue Apr 04 16:46:38 2017
elapsed time: 1 seconds (0d 0h 0m 1s)

